{"/Users/lupmtu1/Development/cp-utils/gitversion/workspaces/packages/gitversion/src/config.ts": {"path":"/Users/lupmtu1/Development/cp-utils/gitversion/workspaces/packages/gitversion/src/config.ts","statementMap":{"0":{"start":{"line":1,"column":0},"end":{"line":1,"column":34}},"1":{"start":{"line":11,"column":0},"end":{"line":11,"column":null}},"2":{"start":{"line":12,"column":2},"end":{"line":12,"column":null}},"3":{"start":{"line":13,"column":2},"end":{"line":13,"column":null}},"4":{"start":{"line":14,"column":2},"end":{"line":14,"column":null}},"5":{"start":{"line":15,"column":2},"end":{"line":15,"column":null}},"6":{"start":{"line":24,"column":22},"end":{"line":24,"column":51}},"7":{"start":{"line":24,"column":61},"end":{"line":24,"column":82}},"8":{"start":{"line":27,"column":4},"end":{"line":32,"column":5}},"9":{"start":{"line":28,"column":6},"end":{"line":31,"column":8}},"10":{"start":{"line":34,"column":34},"end":{"line":34,"column":105}},"11":{"start":{"line":34,"column":85},"end":{"line":34,"column":104}},"12":{"start":{"line":35,"column":4},"end":{"line":48,"column":5}},"13":{"start":{"line":36,"column":6},"end":{"line":47,"column":7}},"14":{"start":{"line":37,"column":24},"end":{"line":37,"column":54}},"15":{"start":{"line":39,"column":8},"end":{"line":46,"column":9}},"16":{"start":{"line":40,"column":10},"end":{"line":43,"column":12}},"17":{"start":{"line":45,"column":10},"end":{"line":45,"column":146}},"18":{"start":{"line":50,"column":34},"end":{"line":50,"column":105}},"19":{"start":{"line":50,"column":85},"end":{"line":50,"column":104}},"20":{"start":{"line":51,"column":4},"end":{"line":64,"column":5}},"21":{"start":{"line":52,"column":6},"end":{"line":63,"column":7}},"22":{"start":{"line":53,"column":24},"end":{"line":53,"column":54}},"23":{"start":{"line":55,"column":8},"end":{"line":62,"column":9}},"24":{"start":{"line":56,"column":10},"end":{"line":59,"column":12}},"25":{"start":{"line":61,"column":10},"end":{"line":61,"column":146}},"26":{"start":{"line":66,"column":4},"end":{"line":69,"column":6}},"27":{"start":{"line":73,"column":52},"end":{"line":83,"column":6}},"28":{"start":{"line":85,"column":16},"end":{"line":85,"column":28}},"29":{"start":{"line":86,"column":19},"end":{"line":86,"column":79}},"30":{"start":{"line":88,"column":4},"end":{"line":88,"column":46}},"31":{"start":{"line":23,"column":0},"end":{"line":23,"column":13}}},"fnMap":{"0":{"name":"(anonymous_7)","decl":{"start":{"line":11,"column":0},"end":{"line":11,"column":12}},"loc":{"start":{"line":11,"column":22},"end":{"line":16,"column":1}}},"1":{"name":"(anonymous_8)","decl":{"start":{"line":24,"column":2},"end":{"line":24,"column":22}},"loc":{"start":{"line":24,"column":82},"end":{"line":24,"column":87}}},"2":{"name":"(anonymous_9)","decl":{"start":{"line":26,"column":2},"end":{"line":26,"column":8}},"loc":{"start":{"line":26,"column":94},"end":{"line":70,"column":3}}},"3":{"name":"(anonymous_10)","decl":{"start":{"line":34,"column":74},"end":{"line":34,"column":81}},"loc":{"start":{"line":34,"column":85},"end":{"line":34,"column":104}}},"4":{"name":"(anonymous_11)","decl":{"start":{"line":50,"column":74},"end":{"line":50,"column":81}},"loc":{"start":{"line":50,"column":85},"end":{"line":50,"column":104}}},"5":{"name":"(anonymous_12)","decl":{"start":{"line":72,"column":2},"end":{"line":72,"column":8}},"loc":{"start":{"line":72,"column":31},"end":{"line":89,"column":null}}}},"branchMap":{"0":{"loc":{"start":{"line":11,"column":12},"end":{"line":11,"column":null}},"type":"binary-expr","locations":[{"start":{"line":11,"column":12},"end":{"line":11,"column":22}},{"start":{"line":11,"column":22},"end":{"line":11,"column":null}}]},"1":{"loc":{"start":{"line":27,"column":4},"end":{"line":32,"column":5}},"type":"if","locations":[{"start":{"line":27,"column":4},"end":{"line":32,"column":5}}]},"2":{"loc":{"start":{"line":36,"column":6},"end":{"line":47,"column":7}},"type":"if","locations":[{"start":{"line":36,"column":6},"end":{"line":47,"column":7}}]},"3":{"loc":{"start":{"line":39,"column":8},"end":{"line":46,"column":9}},"type":"if","locations":[{"start":{"line":39,"column":8},"end":{"line":46,"column":9}},{"start":{"line":44,"column":15},"end":{"line":46,"column":9}}]},"4":{"loc":{"start":{"line":39,"column":12},"end":{"line":39,"column":43}},"type":"binary-expr","locations":[{"start":{"line":39,"column":12},"end":{"line":39,"column":19}},{"start":{"line":39,"column":23},"end":{"line":39,"column":43}}]},"5":{"loc":{"start":{"line":52,"column":6},"end":{"line":63,"column":7}},"type":"if","locations":[{"start":{"line":52,"column":6},"end":{"line":63,"column":7}}]},"6":{"loc":{"start":{"line":55,"column":8},"end":{"line":62,"column":9}},"type":"if","locations":[{"start":{"line":55,"column":8},"end":{"line":62,"column":9}},{"start":{"line":60,"column":15},"end":{"line":62,"column":9}}]},"7":{"loc":{"start":{"line":55,"column":12},"end":{"line":55,"column":43}},"type":"binary-expr","locations":[{"start":{"line":55,"column":12},"end":{"line":55,"column":19}},{"start":{"line":55,"column":23},"end":{"line":55,"column":43}}]}},"s":{"0":2,"1":2,"2":2,"3":2,"4":2,"5":2,"6":0,"7":0,"8":9,"9":1,"10":8,"11":11,"12":8,"13":10,"14":3,"15":3,"16":3,"17":0,"18":5,"19":8,"20":5,"21":7,"22":3,"23":3,"24":3,"25":0,"26":2,"27":0,"28":0,"29":0,"30":0,"31":2},"f":{"0":2,"1":0,"2":9,"3":11,"4":8,"5":0},"b":{"0":[2,2],"1":[1],"2":[3],"3":[3,0],"4":[3,3],"5":[3],"6":[3,0],"7":[3,3]}}
,"/Users/lupmtu1/Development/cp-utils/gitversion/workspaces/packages/gitversion/src/test/version-branch.ts": {"path":"/Users/lupmtu1/Development/cp-utils/gitversion/workspaces/packages/gitversion/src/test/version-branch.ts","statementMap":{"0":{"start":{"line":1,"column":0},"end":{"line":1,"column":54}},"1":{"start":{"line":5,"column":4},"end":{"line":8,"column":6}},"2":{"start":{"line":12,"column":4},"end":{"line":15,"column":6}},"3":{"start":{"line":19,"column":4},"end":{"line":22,"column":6}},"4":{"start":{"line":26,"column":4},"end":{"line":29,"column":6}},"5":{"start":{"line":3,"column":0},"end":{"line":3,"column":13}}},"fnMap":{"0":{"name":"(anonymous_0)","decl":{"start":{"line":4,"column":2},"end":{"line":4,"column":8}},"loc":{"start":{"line":4,"column":13},"end":{"line":9,"column":3}}},"1":{"name":"(anonymous_1)","decl":{"start":{"line":11,"column":2},"end":{"line":11,"column":8}},"loc":{"start":{"line":11,"column":16},"end":{"line":16,"column":3}}},"2":{"name":"(anonymous_2)","decl":{"start":{"line":18,"column":2},"end":{"line":18,"column":8}},"loc":{"start":{"line":18,"column":29},"end":{"line":23,"column":3}}},"3":{"name":"(anonymous_3)","decl":{"start":{"line":25,"column":2},"end":{"line":25,"column":8}},"loc":{"start":{"line":25,"column":29},"end":{"line":30,"column":3}}}},"branchMap":{},"s":{"0":1,"1":3,"2":1,"3":2,"4":3,"5":1},"f":{"0":3,"1":1,"2":2,"3":3},"b":{}}
,"/Users/lupmtu1/Development/cp-utils/gitversion/workspaces/packages/gitversion/src/utils/git-utils.ts": {"path":"/Users/lupmtu1/Development/cp-utils/gitversion/workspaces/packages/gitversion/src/utils/git-utils.ts","statementMap":{"0":{"start":{"line":2,"column":2},"end":{"line":4,"column":3}},"1":{"start":{"line":3,"column":4},"end":{"line":3,"column":47}},"2":{"start":{"line":5,"column":2},"end":{"line":5,"column":25}},"3":{"start":{"line":1,"column":0},"end":{"line":1,"column":16}}},"fnMap":{"0":{"name":"tagPrefix","decl":{"start":{"line":1,"column":16},"end":{"line":1,"column":25}},"loc":{"start":{"line":1,"column":77},"end":{"line":6,"column":1}}}},"branchMap":{"0":{"loc":{"start":{"line":1,"column":26},"end":{"line":1,"column":55}},"type":"default-arg","locations":[{"start":{"line":1,"column":52},"end":{"line":1,"column":55}}]},"1":{"loc":{"start":{"line":2,"column":2},"end":{"line":4,"column":3}},"type":"if","locations":[{"start":{"line":2,"column":2},"end":{"line":4,"column":3}}]}},"s":{"0":4,"1":3,"2":1,"3":1},"f":{"0":4},"b":{"0":[0],"1":[3]}}
,"/Users/lupmtu1/Development/cp-utils/gitversion/workspaces/packages/gitversion/src/utils/git.ts": {"path":"/Users/lupmtu1/Development/cp-utils/gitversion/workspaces/packages/gitversion/src/utils/git.ts","statementMap":{"0":{"start":{"line":1,"column":0},"end":{"line":1,"column":61}},"1":{"start":{"line":3,"column":15},"end":{"line":3,"column":53}},"2":{"start":{"line":4,"column":15},"end":{"line":4,"column":53}},"3":{"start":{"line":5,"column":17},"end":{"line":5,"column":49}},"4":{"start":{"line":20,"column":22},"end":{"line":20,"column":33}},"5":{"start":{"line":24,"column":23},"end":{"line":24,"column":86}},"6":{"start":{"line":26,"column":23},"end":{"line":38,"column":5}},"7":{"start":{"line":27,"column":6},"end":{"line":36,"column":7}},"8":{"start":{"line":28,"column":44},"end":{"line":28,"column":63}},"9":{"start":{"line":30,"column":8},"end":{"line":35,"column":10}},"10":{"start":{"line":37,"column":6},"end":{"line":37,"column":23}},"11":{"start":{"line":40,"column":17},"end":{"line":44,"column":6}},"12":{"start":{"line":46,"column":4},"end":{"line":48,"column":5}},"13":{"start":{"line":47,"column":6},"end":{"line":47,"column":34}},"14":{"start":{"line":50,"column":19},"end":{"line":52,"column":6}},"15":{"start":{"line":54,"column":4},"end":{"line":60,"column":51}},"16":{"start":{"line":60,"column":19},"end":{"line":60,"column":34}},"17":{"start":{"line":64,"column":25},"end":{"line":64,"column":37}},"18":{"start":{"line":66,"column":23},"end":{"line":76,"column":5}},"19":{"start":{"line":67,"column":6},"end":{"line":74,"column":7}},"20":{"start":{"line":68,"column":32},"end":{"line":68,"column":58}},"21":{"start":{"line":70,"column":8},"end":{"line":73,"column":10}},"22":{"start":{"line":75,"column":6},"end":{"line":75,"column":23}},"23":{"start":{"line":78,"column":17},"end":{"line":86,"column":6}},"24":{"start":{"line":88,"column":19},"end":{"line":90,"column":6}},"25":{"start":{"line":92,"column":4},"end":{"line":94,"column":19}},"26":{"start":{"line":96,"column":4},"end":{"line":103,"column":29}},"27":{"start":{"line":102,"column":19},"end":{"line":102,"column":34}},"28":{"start":{"line":103,"column":16},"end":{"line":103,"column":27}},"29":{"start":{"line":108,"column":4},"end":{"line":110,"column":5}},"30":{"start":{"line":109,"column":6},"end":{"line":109,"column":48}},"31":{"start":{"line":112,"column":17},"end":{"line":116,"column":6}},"32":{"start":{"line":118,"column":19},"end":{"line":120,"column":6}},"33":{"start":{"line":123,"column":4},"end":{"line":123,"column":56}},"34":{"start":{"line":19,"column":0},"end":{"line":19,"column":13}}},"fnMap":{"0":{"name":"(anonymous_7)","decl":{"start":{"line":20,"column":2},"end":{"line":20,"column":22}},"loc":{"start":{"line":20,"column":33},"end":{"line":21,"column":3}}},"1":{"name":"(anonymous_8)","decl":{"start":{"line":23,"column":8},"end":{"line":23,"column":12}},"loc":{"start":{"line":23,"column":31},"end":{"line":61,"column":null}}},"2":{"name":"(anonymous_10)","decl":{"start":{"line":26,"column":23},"end":{"line":26,"column":24}},"loc":{"start":{"line":26,"column":65},"end":{"line":38,"column":5}}},"3":{"name":"(anonymous_11)","decl":{"start":{"line":60,"column":14},"end":{"line":60,"column":15}},"loc":{"start":{"line":60,"column":19},"end":{"line":60,"column":34}}},"4":{"name":"(anonymous_12)","decl":{"start":{"line":63,"column":8},"end":{"line":63,"column":19}},"loc":{"start":{"line":63,"column":40},"end":{"line":104,"column":null}}},"5":{"name":"(anonymous_14)","decl":{"start":{"line":66,"column":23},"end":{"line":66,"column":24}},"loc":{"start":{"line":66,"column":62},"end":{"line":76,"column":5}}},"6":{"name":"(anonymous_15)","decl":{"start":{"line":102,"column":14},"end":{"line":102,"column":15}},"loc":{"start":{"line":102,"column":19},"end":{"line":102,"column":34}}},"7":{"name":"(anonymous_16)","decl":{"start":{"line":103,"column":11},"end":{"line":103,"column":12}},"loc":{"start":{"line":103,"column":16},"end":{"line":103,"column":27}}},"8":{"name":"(anonymous_17)","decl":{"start":{"line":106,"column":8},"end":{"line":106,"column":21}},"loc":{"start":{"line":106,"column":21},"end":{"line":124,"column":null}}}},"branchMap":{"0":{"loc":{"start":{"line":27,"column":6},"end":{"line":36,"column":7}},"type":"if","locations":[{"start":{"line":27,"column":6},"end":{"line":36,"column":7}}]},"1":{"loc":{"start":{"line":27,"column":10},"end":{"line":27,"column":35}},"type":"binary-expr","locations":[{"start":{"line":27,"column":10},"end":{"line":27,"column":15}},{"start":{"line":27,"column":19},"end":{"line":27,"column":35}}]},"2":{"loc":{"start":{"line":46,"column":4},"end":{"line":48,"column":5}},"type":"if","locations":[{"start":{"line":46,"column":4},"end":{"line":48,"column":5}}]},"3":{"loc":{"start":{"line":63,"column":20},"end":{"line":63,"column":40}},"type":"default-arg","locations":[{"start":{"line":63,"column":37},"end":{"line":63,"column":40}}]},"4":{"loc":{"start":{"line":67,"column":6},"end":{"line":74,"column":7}},"type":"if","locations":[{"start":{"line":67,"column":6},"end":{"line":74,"column":7}}]},"5":{"loc":{"start":{"line":67,"column":10},"end":{"line":67,"column":35}},"type":"binary-expr","locations":[{"start":{"line":67,"column":10},"end":{"line":67,"column":15}},{"start":{"line":67,"column":19},"end":{"line":67,"column":35}}]},"6":{"loc":{"start":{"line":108,"column":4},"end":{"line":110,"column":5}},"type":"if","locations":[{"start":{"line":108,"column":4},"end":{"line":110,"column":5}}]}},"s":{"0":2,"1":2,"2":2,"3":2,"4":0,"5":0,"6":0,"7":0,"8":0,"9":0,"10":0,"11":0,"12":0,"13":0,"14":0,"15":0,"16":0,"17":0,"18":0,"19":0,"20":0,"21":0,"22":0,"23":0,"24":0,"25":0,"26":0,"27":0,"28":0,"29":0,"30":0,"31":0,"32":0,"33":0,"34":2},"f":{"0":0,"1":0,"2":0,"3":0,"4":0,"5":0,"6":0,"7":0,"8":0},"b":{"0":[0],"1":[0,0],"2":[0],"3":[0],"4":[0],"5":[0,0],"6":[0]}}
,"/Users/lupmtu1/Development/cp-utils/gitversion/workspaces/packages/gitversion/src/utils/version-utils.ts": {"path":"/Users/lupmtu1/Development/cp-utils/gitversion/workspaces/packages/gitversion/src/utils/version-utils.ts","statementMap":{"0":{"start":{"line":1,"column":0},"end":{"line":1,"column":54}},"1":{"start":{"line":8,"column":23},"end":{"line":10,"column":3}},"2":{"start":{"line":9,"column":4},"end":{"line":9,"column":55}},"3":{"start":{"line":11,"column":23},"end":{"line":11,"column":120}},"4":{"start":{"line":11,"column":40},"end":{"line":11,"column":119}},"5":{"start":{"line":13,"column":2},"end":{"line":24,"column":3}},"6":{"start":{"line":14,"column":4},"end":{"line":14,"column":24}},"7":{"start":{"line":15,"column":9},"end":{"line":24,"column":3}},"8":{"start":{"line":16,"column":4},"end":{"line":16,"column":128}},"9":{"start":{"line":18,"column":27},"end":{"line":18,"column":147}},"10":{"start":{"line":18,"column":44},"end":{"line":18,"column":146}},"11":{"start":{"line":19,"column":4},"end":{"line":23,"column":5}},"12":{"start":{"line":20,"column":6},"end":{"line":20,"column":28}},"13":{"start":{"line":22,"column":6},"end":{"line":22,"column":26}},"14":{"start":{"line":28,"column":2},"end":{"line":35,"column":3}},"15":{"start":{"line":29,"column":4},"end":{"line":29,"column":24}},"16":{"start":{"line":31,"column":4},"end":{"line":34,"column":6}},"17":{"start":{"line":38,"column":24},"end":{"line":38,"column":33}},"18":{"start":{"line":40,"column":23},"end":{"line":40,"column":61}},"19":{"start":{"line":41,"column":2},"end":{"line":41,"column":74}},"20":{"start":{"line":42,"column":2},"end":{"line":42,"column":23}},"21":{"start":{"line":7,"column":0},"end":{"line":7,"column":16}}},"fnMap":{"0":{"name":"determineCurrentVersion","decl":{"start":{"line":7,"column":16},"end":{"line":7,"column":39}},"loc":{"start":{"line":7,"column":93},"end":{"line":43,"column":1}}},"1":{"name":"(anonymous_1)","decl":{"start":{"line":8,"column":23},"end":{"line":8,"column":24}},"loc":{"start":{"line":8,"column":40},"end":{"line":10,"column":3}}},"2":{"name":"(anonymous_2)","decl":{"start":{"line":11,"column":35},"end":{"line":11,"column":36}},"loc":{"start":{"line":11,"column":40},"end":{"line":11,"column":119}}},"3":{"name":"(anonymous_3)","decl":{"start":{"line":18,"column":39},"end":{"line":18,"column":40}},"loc":{"start":{"line":18,"column":44},"end":{"line":18,"column":146}}}},"branchMap":{"0":{"loc":{"start":{"line":13,"column":2},"end":{"line":24,"column":3}},"type":"if","locations":[{"start":{"line":13,"column":2},"end":{"line":24,"column":3}},{"start":{"line":15,"column":9},"end":{"line":24,"column":3}}]},"1":{"loc":{"start":{"line":15,"column":9},"end":{"line":24,"column":3}},"type":"if","locations":[{"start":{"line":15,"column":9},"end":{"line":24,"column":3}},{"start":{"line":17,"column":9},"end":{"line":24,"column":3}}]},"2":{"loc":{"start":{"line":19,"column":4},"end":{"line":23,"column":5}},"type":"if","locations":[{"start":{"line":19,"column":4},"end":{"line":23,"column":5}},{"start":{"line":21,"column":11},"end":{"line":23,"column":5}}]},"3":{"loc":{"start":{"line":28,"column":2},"end":{"line":35,"column":3}},"type":"if","locations":[{"start":{"line":28,"column":2},"end":{"line":35,"column":3}},{"start":{"line":30,"column":9},"end":{"line":35,"column":3}}]}},"s":{"0":1,"1":9,"2":168,"3":9,"4":101,"5":9,"6":3,"7":6,"8":1,"9":5,"10":59,"11":5,"12":4,"13":1,"14":8,"15":7,"16":1,"17":8,"18":8,"19":8,"20":8,"21":1},"f":{"0":9,"1":168,"2":101,"3":59},"b":{"0":[3,6],"1":[1,5],"2":[4,1],"3":[7,1]}}
}
