{"/Users/lupmtu1/Development/cp-utils/gitversion/workspaces/packages/gitversion/src/config.ts": {"path":"/Users/lupmtu1/Development/cp-utils/gitversion/workspaces/packages/gitversion/src/config.ts","statementMap":{"0":{"start":{"line":1,"column":0},"end":{"line":1,"column":34}},"1":{"start":{"line":11,"column":0},"end":{"line":11,"column":null}},"2":{"start":{"line":12,"column":2},"end":{"line":12,"column":null}},"3":{"start":{"line":13,"column":2},"end":{"line":13,"column":null}},"4":{"start":{"line":14,"column":2},"end":{"line":14,"column":null}},"5":{"start":{"line":15,"column":2},"end":{"line":15,"column":null}},"6":{"start":{"line":24,"column":21},"end":{"line":24,"column":50}},"7":{"start":{"line":24,"column":59},"end":{"line":24,"column":80}},"8":{"start":{"line":27,"column":4},"end":{"line":32,"column":5}},"9":{"start":{"line":28,"column":6},"end":{"line":31,"column":8}},"10":{"start":{"line":34,"column":34},"end":{"line":34,"column":105}},"11":{"start":{"line":34,"column":85},"end":{"line":34,"column":104}},"12":{"start":{"line":35,"column":4},"end":{"line":48,"column":5}},"13":{"start":{"line":36,"column":6},"end":{"line":47,"column":7}},"14":{"start":{"line":37,"column":24},"end":{"line":37,"column":54}},"15":{"start":{"line":39,"column":8},"end":{"line":46,"column":9}},"16":{"start":{"line":40,"column":10},"end":{"line":43,"column":12}},"17":{"start":{"line":45,"column":10},"end":{"line":45,"column":146}},"18":{"start":{"line":50,"column":34},"end":{"line":50,"column":105}},"19":{"start":{"line":50,"column":85},"end":{"line":50,"column":104}},"20":{"start":{"line":51,"column":4},"end":{"line":64,"column":5}},"21":{"start":{"line":52,"column":6},"end":{"line":63,"column":7}},"22":{"start":{"line":53,"column":24},"end":{"line":53,"column":54}},"23":{"start":{"line":55,"column":8},"end":{"line":62,"column":9}},"24":{"start":{"line":56,"column":10},"end":{"line":59,"column":12}},"25":{"start":{"line":61,"column":10},"end":{"line":61,"column":146}},"26":{"start":{"line":66,"column":4},"end":{"line":69,"column":6}},"27":{"start":{"line":73,"column":52},"end":{"line":83,"column":6}},"28":{"start":{"line":85,"column":16},"end":{"line":85,"column":28}},"29":{"start":{"line":86,"column":19},"end":{"line":86,"column":79}},"30":{"start":{"line":88,"column":4},"end":{"line":88,"column":46}},"31":{"start":{"line":23,"column":0},"end":{"line":23,"column":13}}},"fnMap":{"0":{"name":"(anonymous_7)","decl":{"start":{"line":11,"column":0},"end":{"line":11,"column":12}},"loc":{"start":{"line":11,"column":22},"end":{"line":16,"column":1}}},"1":{"name":"(anonymous_8)","decl":{"start":{"line":24,"column":2},"end":{"line":24,"column":21}},"loc":{"start":{"line":24,"column":80},"end":{"line":24,"column":85}}},"2":{"name":"(anonymous_9)","decl":{"start":{"line":26,"column":2},"end":{"line":26,"column":8}},"loc":{"start":{"line":26,"column":94},"end":{"line":70,"column":3}}},"3":{"name":"(anonymous_10)","decl":{"start":{"line":34,"column":74},"end":{"line":34,"column":81}},"loc":{"start":{"line":34,"column":85},"end":{"line":34,"column":104}}},"4":{"name":"(anonymous_11)","decl":{"start":{"line":50,"column":74},"end":{"line":50,"column":81}},"loc":{"start":{"line":50,"column":85},"end":{"line":50,"column":104}}},"5":{"name":"(anonymous_12)","decl":{"start":{"line":72,"column":2},"end":{"line":72,"column":8}},"loc":{"start":{"line":72,"column":31},"end":{"line":89,"column":null}}}},"branchMap":{"0":{"loc":{"start":{"line":11,"column":12},"end":{"line":11,"column":null}},"type":"binary-expr","locations":[{"start":{"line":11,"column":12},"end":{"line":11,"column":22}},{"start":{"line":11,"column":22},"end":{"line":11,"column":null}}]},"1":{"loc":{"start":{"line":27,"column":4},"end":{"line":32,"column":5}},"type":"if","locations":[{"start":{"line":27,"column":4},"end":{"line":32,"column":5}}]},"2":{"loc":{"start":{"line":36,"column":6},"end":{"line":47,"column":7}},"type":"if","locations":[{"start":{"line":36,"column":6},"end":{"line":47,"column":7}}]},"3":{"loc":{"start":{"line":39,"column":8},"end":{"line":46,"column":9}},"type":"if","locations":[{"start":{"line":39,"column":8},"end":{"line":46,"column":9}},{"start":{"line":44,"column":15},"end":{"line":46,"column":9}}]},"4":{"loc":{"start":{"line":39,"column":12},"end":{"line":39,"column":43}},"type":"binary-expr","locations":[{"start":{"line":39,"column":12},"end":{"line":39,"column":19}},{"start":{"line":39,"column":23},"end":{"line":39,"column":43}}]},"5":{"loc":{"start":{"line":52,"column":6},"end":{"line":63,"column":7}},"type":"if","locations":[{"start":{"line":52,"column":6},"end":{"line":63,"column":7}}]},"6":{"loc":{"start":{"line":55,"column":8},"end":{"line":62,"column":9}},"type":"if","locations":[{"start":{"line":55,"column":8},"end":{"line":62,"column":9}},{"start":{"line":60,"column":15},"end":{"line":62,"column":9}}]},"7":{"loc":{"start":{"line":55,"column":12},"end":{"line":55,"column":43}},"type":"binary-expr","locations":[{"start":{"line":55,"column":12},"end":{"line":55,"column":19}},{"start":{"line":55,"column":23},"end":{"line":55,"column":43}}]}},"s":{"0":3,"1":3,"2":3,"3":3,"4":3,"5":3,"6":0,"7":0,"8":9,"9":1,"10":8,"11":11,"12":8,"13":10,"14":3,"15":3,"16":3,"17":0,"18":5,"19":8,"20":5,"21":7,"22":3,"23":3,"24":3,"25":0,"26":2,"27":0,"28":0,"29":0,"30":0,"31":3},"f":{"0":3,"1":0,"2":9,"3":11,"4":8,"5":0},"b":{"0":[3,3],"1":[1],"2":[3],"3":[3,0],"4":[3,3],"5":[3],"6":[3,0],"7":[3,3]}}
,"/Users/lupmtu1/Development/cp-utils/gitversion/workspaces/packages/gitversion/src/test/version-branch.ts": {"path":"/Users/lupmtu1/Development/cp-utils/gitversion/workspaces/packages/gitversion/src/test/version-branch.ts","statementMap":{"0":{"start":{"line":1,"column":0},"end":{"line":1,"column":54}},"1":{"start":{"line":5,"column":4},"end":{"line":8,"column":6}},"2":{"start":{"line":12,"column":4},"end":{"line":15,"column":6}},"3":{"start":{"line":19,"column":4},"end":{"line":22,"column":6}},"4":{"start":{"line":26,"column":4},"end":{"line":29,"column":6}},"5":{"start":{"line":3,"column":0},"end":{"line":3,"column":13}}},"fnMap":{"0":{"name":"(anonymous_0)","decl":{"start":{"line":4,"column":2},"end":{"line":4,"column":8}},"loc":{"start":{"line":4,"column":13},"end":{"line":9,"column":3}}},"1":{"name":"(anonymous_1)","decl":{"start":{"line":11,"column":2},"end":{"line":11,"column":8}},"loc":{"start":{"line":11,"column":16},"end":{"line":16,"column":3}}},"2":{"name":"(anonymous_2)","decl":{"start":{"line":18,"column":2},"end":{"line":18,"column":8}},"loc":{"start":{"line":18,"column":29},"end":{"line":23,"column":3}}},"3":{"name":"(anonymous_3)","decl":{"start":{"line":25,"column":2},"end":{"line":25,"column":8}},"loc":{"start":{"line":25,"column":29},"end":{"line":30,"column":3}}}},"branchMap":{},"s":{"0":2,"1":12,"2":1,"3":6,"4":7,"5":2},"f":{"0":12,"1":1,"2":6,"3":7},"b":{}}
,"/Users/lupmtu1/Development/cp-utils/gitversion/workspaces/packages/gitversion/src/utils/bump-utils.ts": {"path":"/Users/lupmtu1/Development/cp-utils/gitversion/workspaces/packages/gitversion/src/utils/bump-utils.ts","statementMap":{"0":{"start":{"line":1,"column":0},"end":{"line":1,"column":49}},"1":{"start":{"line":3,"column":0},"end":{"line":3,"column":54}},"2":{"start":{"line":7,"column":0},"end":{"line":7,"column":null}},"3":{"start":{"line":8,"column":2},"end":{"line":8,"column":null}},"4":{"start":{"line":9,"column":2},"end":{"line":9,"column":null}},"5":{"start":{"line":10,"column":2},"end":{"line":10,"column":null}},"6":{"start":{"line":11,"column":2},"end":{"line":11,"column":null}},"7":{"start":{"line":12,"column":2},"end":{"line":12,"column":null}},"8":{"start":{"line":15,"column":42},"end":{"line":22,"column":2}},"9":{"start":{"line":26,"column":2},"end":{"line":28,"column":3}},"10":{"start":{"line":27,"column":4},"end":{"line":27,"column":16}},"11":{"start":{"line":30,"column":2},"end":{"line":32,"column":3}},"12":{"start":{"line":31,"column":4},"end":{"line":31,"column":38}},"13":{"start":{"line":34,"column":25},"end":{"line":34,"column":82}},"14":{"start":{"line":35,"column":27},"end":{"line":35,"column":71}},"15":{"start":{"line":37,"column":2},"end":{"line":50,"column":3}},"16":{"start":{"line":38,"column":4},"end":{"line":42,"column":5}},"17":{"start":{"line":39,"column":30},"end":{"line":39,"column":94}},"18":{"start":{"line":40,"column":27},"end":{"line":40,"column":91}},"19":{"start":{"line":41,"column":15},"end":{"line":41,"column":79}},"20":{"start":{"line":44,"column":4},"end":{"line":49,"column":5}},"21":{"start":{"line":45,"column":30},"end":{"line":45,"column":94}},"22":{"start":{"line":46,"column":27},"end":{"line":46,"column":91}},"23":{"start":{"line":47,"column":27},"end":{"line":47,"column":91}},"24":{"start":{"line":48,"column":27},"end":{"line":48,"column":91}},"25":{"start":{"line":25,"column":0},"end":{"line":25,"column":16}},"26":{"start":{"line":55,"column":26},"end":{"line":55,"column":39}},"27":{"start":{"line":56,"column":2},"end":{"line":65,"column":3}},"28":{"start":{"line":57,"column":4},"end":{"line":59,"column":5}},"29":{"start":{"line":58,"column":6},"end":{"line":58,"column":28}},"30":{"start":{"line":61,"column":21},"end":{"line":61,"column":41}},"31":{"start":{"line":62,"column":4},"end":{"line":64,"column":5}},"32":{"start":{"line":63,"column":6},"end":{"line":63,"column":25}},"33":{"start":{"line":66,"column":2},"end":{"line":66,"column":17}},"34":{"start":{"line":54,"column":0},"end":{"line":54,"column":16}}},"fnMap":{"0":{"name":"(anonymous_0)","decl":{"start":{"line":7,"column":0},"end":{"line":7,"column":12}},"loc":{"start":{"line":7,"column":20},"end":{"line":13,"column":1}}},"1":{"name":"executeBump","decl":{"start":{"line":25,"column":16},"end":{"line":25,"column":27}},"loc":{"start":{"line":25,"column":86},"end":{"line":51,"column":1}}},"2":{"name":"detectBumpType","decl":{"start":{"line":54,"column":16},"end":{"line":54,"column":30}},"loc":{"start":{"line":54,"column":60},"end":{"line":67,"column":1}}}},"branchMap":{"0":{"loc":{"start":{"line":7,"column":12},"end":{"line":7,"column":null}},"type":"binary-expr","locations":[{"start":{"line":7,"column":12},"end":{"line":7,"column":20}},{"start":{"line":7,"column":20},"end":{"line":7,"column":null}}]},"1":{"loc":{"start":{"line":26,"column":2},"end":{"line":28,"column":3}},"type":"if","locations":[{"start":{"line":26,"column":2},"end":{"line":28,"column":3}}]},"2":{"loc":{"start":{"line":30,"column":2},"end":{"line":32,"column":3}},"type":"if","locations":[{"start":{"line":30,"column":2},"end":{"line":32,"column":3}}]},"3":{"loc":{"start":{"line":34,"column":25},"end":{"line":34,"column":82}},"type":"cond-expr","locations":[{"start":{"line":34,"column":59},"end":{"line":34,"column":68}},{"start":{"line":34,"column":71},"end":{"line":34,"column":82}}]},"4":{"loc":{"start":{"line":35,"column":27},"end":{"line":35,"column":71}},"type":"cond-expr","locations":[{"start":{"line":35,"column":61},"end":{"line":35,"column":63}},{"start":{"line":35,"column":66},"end":{"line":35,"column":71}}]},"5":{"loc":{"start":{"line":37,"column":2},"end":{"line":50,"column":3}},"type":"if","locations":[{"start":{"line":37,"column":2},"end":{"line":50,"column":3}},{"start":{"line":43,"column":9},"end":{"line":50,"column":3}}]},"6":{"loc":{"start":{"line":38,"column":4},"end":{"line":42,"column":5}},"type":"switch","locations":[{"start":{"line":39,"column":6},"end":{"line":39,"column":94}},{"start":{"line":40,"column":6},"end":{"line":40,"column":91}},{"start":{"line":41,"column":6},"end":{"line":41,"column":79}}]},"7":{"loc":{"start":{"line":44,"column":4},"end":{"line":49,"column":5}},"type":"switch","locations":[{"start":{"line":45,"column":6},"end":{"line":45,"column":94}},{"start":{"line":46,"column":6},"end":{"line":46,"column":91}},{"start":{"line":47,"column":6},"end":{"line":47,"column":91}},{"start":{"line":48,"column":6},"end":{"line":48,"column":91}}]},"8":{"loc":{"start":{"line":57,"column":4},"end":{"line":59,"column":5}},"type":"if","locations":[{"start":{"line":57,"column":4},"end":{"line":59,"column":5}}]},"9":{"loc":{"start":{"line":62,"column":4},"end":{"line":64,"column":5}},"type":"if","locations":[{"start":{"line":62,"column":4},"end":{"line":64,"column":5}}]},"10":{"loc":{"start":{"line":62,"column":8},"end":{"line":62,"column":38}},"type":"binary-expr","locations":[{"start":{"line":62,"column":8},"end":{"line":62,"column":16}},{"start":{"line":62,"column":20},"end":{"line":62,"column":38}}]}},"s":{"0":1,"1":1,"2":1,"3":1,"4":1,"5":1,"6":1,"7":1,"8":1,"9":17,"10":1,"11":16,"12":4,"13":12,"14":12,"15":12,"16":4,"17":1,"18":1,"19":2,"20":8,"21":2,"22":2,"23":2,"24":2,"25":1,"26":2,"27":2,"28":5,"29":1,"30":4,"31":4,"32":1,"33":1,"34":1},"f":{"0":1,"1":17,"2":2},"b":{"0":[1,1],"1":[1],"2":[4],"3":[8,4],"4":[8,4],"5":[4,8],"6":[1,1,2],"7":[2,2,2,2],"8":[1],"9":[1],"10":[4,2]}}
,"/Users/lupmtu1/Development/cp-utils/gitversion/workspaces/packages/gitversion/src/utils/conventional-commmit-utils.ts": {"path":"/Users/lupmtu1/Development/cp-utils/gitversion/workspaces/packages/gitversion/src/utils/conventional-commmit-utils.ts","statementMap":{"0":{"start":{"line":3,"column":0},"end":{"line":3,"column":null}},"1":{"start":{"line":4,"column":2},"end":{"line":4,"column":null}},"2":{"start":{"line":5,"column":2},"end":{"line":5,"column":null}},"3":{"start":{"line":24,"column":20},"end":{"line":24,"column":73}},"4":{"start":{"line":27,"column":19},"end":{"line":27,"column":63}},"5":{"start":{"line":28,"column":16},"end":{"line":28,"column":36}},"6":{"start":{"line":30,"column":17},"end":{"line":30,"column":53}},"7":{"start":{"line":31,"column":17},"end":{"line":31,"column":41}},"8":{"start":{"line":33,"column":2},"end":{"line":35,"column":3}},"9":{"start":{"line":34,"column":4},"end":{"line":34,"column":21}},"10":{"start":{"line":37,"column":44},"end":{"line":44,"column":4}},"11":{"start":{"line":46,"column":28},"end":{"line":46,"column":30}},"12":{"start":{"line":47,"column":15},"end":{"line":47,"column":19}},"13":{"start":{"line":48,"column":23},"end":{"line":48,"column":25}},"14":{"start":{"line":50,"column":2},"end":{"line":61,"column":3}},"15":{"start":{"line":51,"column":4},"end":{"line":59,"column":5}},"16":{"start":{"line":52,"column":6},"end":{"line":56,"column":7}},"17":{"start":{"line":53,"column":8},"end":{"line":53,"column":51}},"18":{"start":{"line":55,"column":8},"end":{"line":55,"column":44}},"19":{"start":{"line":57,"column":6},"end":{"line":57,"column":26}},"20":{"start":{"line":58,"column":6},"end":{"line":58,"column":21}},"21":{"start":{"line":60,"column":4},"end":{"line":60,"column":48}},"22":{"start":{"line":63,"column":2},"end":{"line":67,"column":3}},"23":{"start":{"line":64,"column":4},"end":{"line":64,"column":47}},"24":{"start":{"line":66,"column":4},"end":{"line":66,"column":40}},"25":{"start":{"line":69,"column":2},"end":{"line":84,"column":3}},"26":{"start":{"line":70,"column":4},"end":{"line":83,"column":5}},"27":{"start":{"line":71,"column":6},"end":{"line":71,"column":36}},"28":{"start":{"line":72,"column":6},"end":{"line":72,"column":78}},"29":{"start":{"line":74,"column":20},"end":{"line":74,"column":41}},"30":{"start":{"line":75,"column":26},"end":{"line":75,"column":44}},"31":{"start":{"line":76,"column":6},"end":{"line":82,"column":7}},"32":{"start":{"line":77,"column":8},"end":{"line":81,"column":11}},"33":{"start":{"line":86,"column":2},"end":{"line":86,"column":23}},"34":{"start":{"line":26,"column":0},"end":{"line":26,"column":16}},"35":{"start":{"line":90,"column":22},"end":{"line":90,"column":64}},"36":{"start":{"line":91,"column":2},"end":{"line":91,"column":32}},"37":{"start":{"line":89,"column":0},"end":{"line":89,"column":16}}},"fnMap":{"0":{"name":"(anonymous_0)","decl":{"start":{"line":3,"column":0},"end":{"line":3,"column":12}},"loc":{"start":{"line":3,"column":40},"end":{"line":6,"column":1}}},"1":{"name":"parseConventionalCommit","decl":{"start":{"line":26,"column":16},"end":{"line":26,"column":39}},"loc":{"start":{"line":26,"column":57},"end":{"line":87,"column":1}}},"2":{"name":"isFooterStart","decl":{"start":{"line":89,"column":16},"end":{"line":89,"column":29}},"loc":{"start":{"line":89,"column":42},"end":{"line":92,"column":1}}}},"branchMap":{"0":{"loc":{"start":{"line":3,"column":12},"end":{"line":3,"column":null}},"type":"binary-expr","locations":[{"start":{"line":3,"column":12},"end":{"line":3,"column":40}},{"start":{"line":3,"column":40},"end":{"line":3,"column":null}}]},"1":{"loc":{"start":{"line":33,"column":2},"end":{"line":35,"column":3}},"type":"if","locations":[{"start":{"line":33,"column":2},"end":{"line":35,"column":3}}]},"2":{"loc":{"start":{"line":39,"column":11},"end":{"line":39,"column":42}},"type":"cond-expr","locations":[{"start":{"line":39,"column":20},"end":{"line":39,"column":22}},{"start":{"line":39,"column":20},"end":{"line":39,"column":42}}]},"3":{"loc":{"start":{"line":39,"column":11},"end":{"line":39,"column":22}},"type":"binary-expr","locations":[{"start":{"line":39,"column":11},"end":{"line":39,"column":22}},{"start":{"line":39,"column":20},"end":{"line":39,"column":22}}]},"4":{"loc":{"start":{"line":51,"column":4},"end":{"line":59,"column":5}},"type":"if","locations":[{"start":{"line":51,"column":4},"end":{"line":59,"column":5}}]},"5":{"loc":{"start":{"line":52,"column":6},"end":{"line":56,"column":7}},"type":"if","locations":[{"start":{"line":52,"column":6},"end":{"line":56,"column":7}},{"start":{"line":54,"column":13},"end":{"line":56,"column":7}}]},"6":{"loc":{"start":{"line":63,"column":2},"end":{"line":67,"column":3}},"type":"if","locations":[{"start":{"line":63,"column":2},"end":{"line":67,"column":3}},{"start":{"line":65,"column":9},"end":{"line":67,"column":3}}]},"7":{"loc":{"start":{"line":70,"column":4},"end":{"line":83,"column":5}},"type":"if","locations":[{"start":{"line":70,"column":4},"end":{"line":83,"column":5}},{"start":{"line":73,"column":11},"end":{"line":83,"column":5}}]},"8":{"loc":{"start":{"line":76,"column":6},"end":{"line":82,"column":7}},"type":"if","locations":[{"start":{"line":76,"column":6},"end":{"line":82,"column":7}}]},"9":{"loc":{"start":{"line":78,"column":16},"end":{"line":78,"column":117}},"type":"cond-expr","locations":[{"start":{"line":78,"column":49},"end":{"line":78,"column":82}},{"start":{"line":78,"column":85},"end":{"line":78,"column":117}}]}},"s":{"0":1,"1":1,"2":1,"3":1,"4":17,"5":17,"6":17,"7":17,"8":17,"9":5,"10":12,"11":12,"12":12,"13":12,"14":12,"15":31,"16":9,"17":7,"18":2,"19":9,"20":9,"21":31,"22":12,"23":5,"24":7,"25":12,"26":9,"27":2,"28":2,"29":7,"30":7,"31":7,"32":7,"33":12,"34":1,"35":31,"36":31,"37":1},"f":{"0":1,"1":17,"2":31},"b":{"0":[1,1],"1":[5],"2":[2,10],"3":[12,12],"4":[9],"5":[7,2],"6":[5,7],"7":[2,7],"8":[7],"9":[3,4]}}
,"/Users/lupmtu1/Development/cp-utils/gitversion/workspaces/packages/gitversion/src/utils/git-platform.ts": {"path":"/Users/lupmtu1/Development/cp-utils/gitversion/workspaces/packages/gitversion/src/utils/git-platform.ts","statementMap":{"0":{"start":{"line":9,"column":4},"end":{"line":9,"column":18}},"1":{"start":{"line":7,"column":0},"end":{"line":7,"column":13}},"2":{"start":{"line":15,"column":4},"end":{"line":26,"column":5}},"3":{"start":{"line":16,"column":20},"end":{"line":16,"column":43}},"4":{"start":{"line":17,"column":22},"end":{"line":17,"column":43}},"5":{"start":{"line":18,"column":19},"end":{"line":18,"column":42}},"6":{"start":{"line":19,"column":6},"end":{"line":22,"column":null}},"7":{"start":{"line":25,"column":6},"end":{"line":25,"column":20}},"8":{"start":{"line":13,"column":0},"end":{"line":13,"column":13}}},"fnMap":{"0":{"name":"(anonymous_0)","decl":{"start":{"line":8,"column":2},"end":{"line":8,"column":19}},"loc":{"start":{"line":8,"column":37},"end":{"line":10,"column":3}}},"1":{"name":"(anonymous_1)","decl":{"start":{"line":14,"column":2},"end":{"line":14,"column":19}},"loc":{"start":{"line":14,"column":37},"end":{"line":27,"column":3}}}},"branchMap":{"0":{"loc":{"start":{"line":15,"column":4},"end":{"line":26,"column":5}},"type":"if","locations":[{"start":{"line":15,"column":4},"end":{"line":26,"column":5}},{"start":{"line":24,"column":11},"end":{"line":26,"column":5}}]}},"s":{"0":0,"1":3,"2":0,"3":0,"4":0,"5":0,"6":0,"7":0,"8":3},"f":{"0":0,"1":0},"b":{"0":[0,0]}}
,"/Users/lupmtu1/Development/cp-utils/gitversion/workspaces/packages/gitversion/src/utils/git-utils.ts": {"path":"/Users/lupmtu1/Development/cp-utils/gitversion/workspaces/packages/gitversion/src/utils/git-utils.ts","statementMap":{"0":{"start":{"line":2,"column":2},"end":{"line":4,"column":3}},"1":{"start":{"line":3,"column":4},"end":{"line":3,"column":47}},"2":{"start":{"line":5,"column":2},"end":{"line":5,"column":25}},"3":{"start":{"line":1,"column":0},"end":{"line":1,"column":16}}},"fnMap":{"0":{"name":"tagPrefix","decl":{"start":{"line":1,"column":16},"end":{"line":1,"column":25}},"loc":{"start":{"line":1,"column":77},"end":{"line":6,"column":1}}}},"branchMap":{"0":{"loc":{"start":{"line":1,"column":26},"end":{"line":1,"column":55}},"type":"default-arg","locations":[{"start":{"line":1,"column":52},"end":{"line":1,"column":55}}]},"1":{"loc":{"start":{"line":2,"column":2},"end":{"line":4,"column":3}},"type":"if","locations":[{"start":{"line":2,"column":2},"end":{"line":4,"column":3}}]}},"s":{"0":4,"1":3,"2":1,"3":1},"f":{"0":4},"b":{"0":[0],"1":[3]}}
,"/Users/lupmtu1/Development/cp-utils/gitversion/workspaces/packages/gitversion/src/utils/git.ts": {"path":"/Users/lupmtu1/Development/cp-utils/gitversion/workspaces/packages/gitversion/src/utils/git.ts","statementMap":{"0":{"start":{"line":1,"column":0},"end":{"line":1,"column":61}},"1":{"start":{"line":3,"column":0},"end":{"line":3,"column":63}},"2":{"start":{"line":5,"column":15},"end":{"line":5,"column":53}},"3":{"start":{"line":6,"column":15},"end":{"line":6,"column":53}},"4":{"start":{"line":7,"column":17},"end":{"line":7,"column":49}},"5":{"start":{"line":22,"column":17},"end":{"line":24,"column":4}},"6":{"start":{"line":25,"column":2},"end":{"line":28,"column":12}},"7":{"start":{"line":21,"column":0},"end":{"line":21,"column":22}},"8":{"start":{"line":32,"column":2},"end":{"line":32,"column":51}},"9":{"start":{"line":31,"column":0},"end":{"line":31,"column":22}},"10":{"start":{"line":36,"column":22},"end":{"line":36,"column":33}},"11":{"start":{"line":40,"column":23},"end":{"line":40,"column":86}},"12":{"start":{"line":42,"column":23},"end":{"line":54,"column":5}},"13":{"start":{"line":43,"column":6},"end":{"line":52,"column":7}},"14":{"start":{"line":44,"column":44},"end":{"line":44,"column":63}},"15":{"start":{"line":46,"column":8},"end":{"line":51,"column":10}},"16":{"start":{"line":53,"column":6},"end":{"line":53,"column":23}},"17":{"start":{"line":56,"column":17},"end":{"line":60,"column":6}},"18":{"start":{"line":62,"column":4},"end":{"line":64,"column":5}},"19":{"start":{"line":63,"column":6},"end":{"line":63,"column":34}},"20":{"start":{"line":66,"column":19},"end":{"line":66,"column":48}},"21":{"start":{"line":68,"column":4},"end":{"line":72,"column":42}},"22":{"start":{"line":72,"column":37},"end":{"line":72,"column":40}},"23":{"start":{"line":76,"column":25},"end":{"line":76,"column":37}},"24":{"start":{"line":78,"column":23},"end":{"line":88,"column":5}},"25":{"start":{"line":79,"column":6},"end":{"line":86,"column":7}},"26":{"start":{"line":80,"column":32},"end":{"line":80,"column":58}},"27":{"start":{"line":82,"column":8},"end":{"line":85,"column":10}},"28":{"start":{"line":87,"column":6},"end":{"line":87,"column":23}},"29":{"start":{"line":90,"column":17},"end":{"line":98,"column":6}},"30":{"start":{"line":100,"column":19},"end":{"line":100,"column":48}},"31":{"start":{"line":102,"column":4},"end":{"line":107,"column":29}},"32":{"start":{"line":106,"column":19},"end":{"line":106,"column":34}},"33":{"start":{"line":107,"column":16},"end":{"line":107,"column":27}},"34":{"start":{"line":112,"column":4},"end":{"line":114,"column":5}},"35":{"start":{"line":113,"column":6},"end":{"line":113,"column":48}},"36":{"start":{"line":116,"column":17},"end":{"line":120,"column":6}},"37":{"start":{"line":122,"column":19},"end":{"line":122,"column":48}},"38":{"start":{"line":125,"column":4},"end":{"line":125,"column":38}},"39":{"start":{"line":129,"column":25},"end":{"line":129,"column":111}},"40":{"start":{"line":130,"column":21},"end":{"line":130,"column":51}},"41":{"start":{"line":132,"column":19},"end":{"line":132,"column":87}},"42":{"start":{"line":133,"column":4},"end":{"line":135,"column":5}},"43":{"start":{"line":134,"column":6},"end":{"line":134,"column":26}},"44":{"start":{"line":136,"column":4},"end":{"line":136,"column":25}},"45":{"start":{"line":35,"column":0},"end":{"line":35,"column":13}}},"fnMap":{"0":{"name":"gitExec","decl":{"start":{"line":21,"column":22},"end":{"line":21,"column":29}},"loc":{"start":{"line":21,"column":58},"end":{"line":29,"column":null}}},"1":{"name":"gitRoot","decl":{"start":{"line":31,"column":22},"end":{"line":31,"column":29}},"loc":{"start":{"line":31,"column":29},"end":{"line":33,"column":null}}},"2":{"name":"(anonymous_11)","decl":{"start":{"line":36,"column":2},"end":{"line":36,"column":22}},"loc":{"start":{"line":36,"column":33},"end":{"line":37,"column":3}}},"3":{"name":"(anonymous_12)","decl":{"start":{"line":39,"column":8},"end":{"line":39,"column":12}},"loc":{"start":{"line":39,"column":31},"end":{"line":73,"column":null}}},"4":{"name":"(anonymous_14)","decl":{"start":{"line":42,"column":23},"end":{"line":42,"column":24}},"loc":{"start":{"line":42,"column":65},"end":{"line":54,"column":5}}},"5":{"name":"(anonymous_15)","decl":{"start":{"line":72,"column":14},"end":{"line":72,"column":15}},"loc":{"start":{"line":72,"column":37},"end":{"line":72,"column":40}}},"6":{"name":"(anonymous_16)","decl":{"start":{"line":75,"column":8},"end":{"line":75,"column":19}},"loc":{"start":{"line":75,"column":40},"end":{"line":108,"column":null}}},"7":{"name":"(anonymous_18)","decl":{"start":{"line":78,"column":23},"end":{"line":78,"column":24}},"loc":{"start":{"line":78,"column":62},"end":{"line":88,"column":5}}},"8":{"name":"(anonymous_19)","decl":{"start":{"line":106,"column":14},"end":{"line":106,"column":15}},"loc":{"start":{"line":106,"column":19},"end":{"line":106,"column":34}}},"9":{"name":"(anonymous_20)","decl":{"start":{"line":107,"column":11},"end":{"line":107,"column":12}},"loc":{"start":{"line":107,"column":16},"end":{"line":107,"column":27}}},"10":{"name":"(anonymous_21)","decl":{"start":{"line":110,"column":8},"end":{"line":110,"column":21}},"loc":{"start":{"line":110,"column":21},"end":{"line":126,"column":null}}},"11":{"name":"(anonymous_23)","decl":{"start":{"line":128,"column":8},"end":{"line":128,"column":16}},"loc":{"start":{"line":128,"column":16},"end":{"line":137,"column":null}}}},"branchMap":{"0":{"loc":{"start":{"line":43,"column":6},"end":{"line":52,"column":7}},"type":"if","locations":[{"start":{"line":43,"column":6},"end":{"line":52,"column":7}}]},"1":{"loc":{"start":{"line":43,"column":10},"end":{"line":43,"column":35}},"type":"binary-expr","locations":[{"start":{"line":43,"column":10},"end":{"line":43,"column":15}},{"start":{"line":43,"column":19},"end":{"line":43,"column":35}}]},"2":{"loc":{"start":{"line":62,"column":4},"end":{"line":64,"column":5}},"type":"if","locations":[{"start":{"line":62,"column":4},"end":{"line":64,"column":5}}]},"3":{"loc":{"start":{"line":75,"column":20},"end":{"line":75,"column":40}},"type":"default-arg","locations":[{"start":{"line":75,"column":37},"end":{"line":75,"column":40}}]},"4":{"loc":{"start":{"line":79,"column":6},"end":{"line":86,"column":7}},"type":"if","locations":[{"start":{"line":79,"column":6},"end":{"line":86,"column":7}}]},"5":{"loc":{"start":{"line":79,"column":10},"end":{"line":79,"column":35}},"type":"binary-expr","locations":[{"start":{"line":79,"column":10},"end":{"line":79,"column":15}},{"start":{"line":79,"column":19},"end":{"line":79,"column":35}}]},"6":{"loc":{"start":{"line":112,"column":4},"end":{"line":114,"column":5}},"type":"if","locations":[{"start":{"line":112,"column":4},"end":{"line":114,"column":5}}]},"7":{"loc":{"start":{"line":133,"column":4},"end":{"line":135,"column":5}},"type":"if","locations":[{"start":{"line":133,"column":4},"end":{"line":135,"column":5}}]}},"s":{"0":3,"1":3,"2":3,"3":3,"4":3,"5":0,"6":0,"7":3,"8":0,"9":3,"10":0,"11":0,"12":0,"13":0,"14":0,"15":0,"16":0,"17":0,"18":0,"19":0,"20":0,"21":0,"22":0,"23":0,"24":0,"25":0,"26":0,"27":0,"28":0,"29":0,"30":0,"31":0,"32":0,"33":0,"34":0,"35":0,"36":0,"37":0,"38":0,"39":0,"40":0,"41":0,"42":0,"43":0,"44":0,"45":3},"f":{"0":0,"1":0,"2":0,"3":0,"4":0,"5":0,"6":0,"7":0,"8":0,"9":0,"10":0,"11":0},"b":{"0":[0],"1":[0,0],"2":[0],"3":[0],"4":[0],"5":[0,0],"6":[0],"7":[0]}}
,"/Users/lupmtu1/Development/cp-utils/gitversion/workspaces/packages/gitversion/src/utils/version-utils.ts": {"path":"/Users/lupmtu1/Development/cp-utils/gitversion/workspaces/packages/gitversion/src/utils/version-utils.ts","statementMap":{"0":{"start":{"line":1,"column":0},"end":{"line":1,"column":39}},"1":{"start":{"line":3,"column":0},"end":{"line":3,"column":54}},"2":{"start":{"line":13,"column":23},"end":{"line":15,"column":3}},"3":{"start":{"line":14,"column":4},"end":{"line":14,"column":55}},"4":{"start":{"line":16,"column":23},"end":{"line":16,"column":120}},"5":{"start":{"line":16,"column":40},"end":{"line":16,"column":119}},"6":{"start":{"line":18,"column":2},"end":{"line":29,"column":3}},"7":{"start":{"line":19,"column":4},"end":{"line":19,"column":24}},"8":{"start":{"line":20,"column":9},"end":{"line":29,"column":3}},"9":{"start":{"line":21,"column":4},"end":{"line":21,"column":128}},"10":{"start":{"line":23,"column":27},"end":{"line":23,"column":147}},"11":{"start":{"line":23,"column":44},"end":{"line":23,"column":146}},"12":{"start":{"line":24,"column":4},"end":{"line":28,"column":5}},"13":{"start":{"line":25,"column":6},"end":{"line":25,"column":28}},"14":{"start":{"line":27,"column":6},"end":{"line":27,"column":26}},"15":{"start":{"line":33,"column":2},"end":{"line":40,"column":3}},"16":{"start":{"line":34,"column":4},"end":{"line":34,"column":24}},"17":{"start":{"line":36,"column":4},"end":{"line":39,"column":6}},"18":{"start":{"line":41,"column":23},"end":{"line":41,"column":61}},"19":{"start":{"line":42,"column":18},"end":{"line":42,"column":68}},"20":{"start":{"line":43,"column":2},"end":{"line":48,"column":3}},"21":{"start":{"line":44,"column":4},"end":{"line":47,"column":6}},"22":{"start":{"line":49,"column":2},"end":{"line":49,"column":74}},"23":{"start":{"line":12,"column":0},"end":{"line":12,"column":16}}},"fnMap":{"0":{"name":"determineCurrentVersion","decl":{"start":{"line":12,"column":16},"end":{"line":12,"column":39}},"loc":{"start":{"line":12,"column":93},"end":{"line":50,"column":1}}},"1":{"name":"(anonymous_1)","decl":{"start":{"line":13,"column":23},"end":{"line":13,"column":24}},"loc":{"start":{"line":13,"column":40},"end":{"line":15,"column":3}}},"2":{"name":"(anonymous_2)","decl":{"start":{"line":16,"column":35},"end":{"line":16,"column":36}},"loc":{"start":{"line":16,"column":40},"end":{"line":16,"column":119}}},"3":{"name":"(anonymous_3)","decl":{"start":{"line":23,"column":39},"end":{"line":23,"column":40}},"loc":{"start":{"line":23,"column":44},"end":{"line":23,"column":146}}}},"branchMap":{"0":{"loc":{"start":{"line":18,"column":2},"end":{"line":29,"column":3}},"type":"if","locations":[{"start":{"line":18,"column":2},"end":{"line":29,"column":3}},{"start":{"line":20,"column":9},"end":{"line":29,"column":3}}]},"1":{"loc":{"start":{"line":20,"column":9},"end":{"line":29,"column":3}},"type":"if","locations":[{"start":{"line":20,"column":9},"end":{"line":29,"column":3}},{"start":{"line":22,"column":9},"end":{"line":29,"column":3}}]},"2":{"loc":{"start":{"line":24,"column":4},"end":{"line":28,"column":5}},"type":"if","locations":[{"start":{"line":24,"column":4},"end":{"line":28,"column":5}},{"start":{"line":26,"column":11},"end":{"line":28,"column":5}}]},"3":{"loc":{"start":{"line":33,"column":2},"end":{"line":40,"column":3}},"type":"if","locations":[{"start":{"line":33,"column":2},"end":{"line":40,"column":3}},{"start":{"line":35,"column":9},"end":{"line":40,"column":3}}]},"4":{"loc":{"start":{"line":43,"column":2},"end":{"line":48,"column":3}},"type":"if","locations":[{"start":{"line":43,"column":2},"end":{"line":48,"column":3}}]}},"s":{"0":1,"1":1,"2":9,"3":168,"4":9,"5":101,"6":9,"7":3,"8":6,"9":1,"10":5,"11":59,"12":5,"13":4,"14":1,"15":8,"16":7,"17":1,"18":8,"19":8,"20":8,"21":8,"22":0,"23":1},"f":{"0":9,"1":168,"2":101,"3":59},"b":{"0":[3,6],"1":[1,5],"2":[4,1],"3":[7,1],"4":[8]}}
}
