TN:
SF:workspaces/packages/gitversion/src/config.ts
FN:11,(anonymous_7)
FN:24,(anonymous_8)
FN:26,(anonymous_9)
FN:34,(anonymous_10)
FN:50,(anonymous_11)
FN:72,(anonymous_12)
FNF:6
FNH:4
FNDA:2,(anonymous_7)
FNDA:0,(anonymous_8)
FNDA:9,(anonymous_9)
FNDA:11,(anonymous_10)
FNDA:8,(anonymous_11)
FNDA:0,(anonymous_12)
DA:1,2
DA:11,2
DA:12,2
DA:13,2
DA:14,2
DA:15,2
DA:23,2
DA:24,0
DA:27,9
DA:28,1
DA:34,11
DA:35,8
DA:36,10
DA:37,3
DA:39,3
DA:40,3
DA:45,0
DA:50,8
DA:51,5
DA:52,7
DA:53,3
DA:55,3
DA:56,3
DA:61,0
DA:66,2
DA:73,0
DA:85,0
DA:86,0
DA:88,0
LF:29
LH:22
BRDA:11,0,0,2
BRDA:11,0,1,2
BRDA:27,1,0,1
BRDA:36,2,0,3
BRDA:39,3,0,3
BRDA:39,3,1,0
BRDA:39,4,0,3
BRDA:39,4,1,3
BRDA:52,5,0,3
BRDA:55,6,0,3
BRDA:55,6,1,0
BRDA:55,7,0,3
BRDA:55,7,1,3
BRF:13
BRH:11
end_of_record
TN:
SF:workspaces/packages/gitversion/src/test/version-branch.ts
FN:4,(anonymous_0)
FN:11,(anonymous_1)
FN:18,(anonymous_2)
FN:25,(anonymous_3)
FNF:4
FNH:4
FNDA:3,(anonymous_0)
FNDA:1,(anonymous_1)
FNDA:2,(anonymous_2)
FNDA:3,(anonymous_3)
DA:1,1
DA:3,1
DA:5,3
DA:12,1
DA:19,2
DA:26,3
LF:6
LH:6
BRF:0
BRH:0
end_of_record
TN:
SF:workspaces/packages/gitversion/src/utils/git-utils.ts
FN:1,tagPrefix
FNF:1
FNH:1
FNDA:4,tagPrefix
DA:1,1
DA:2,4
DA:3,3
DA:5,1
LF:4
LH:4
BRDA:1,0,0,0
BRDA:2,1,0,3
BRF:2
BRH:1
end_of_record
TN:
SF:workspaces/packages/gitversion/src/utils/git.ts
FN:20,(anonymous_7)
FN:23,(anonymous_8)
FN:26,(anonymous_10)
FN:60,(anonymous_11)
FN:63,(anonymous_12)
FN:66,(anonymous_14)
FN:102,(anonymous_15)
FN:103,(anonymous_16)
FN:106,(anonymous_17)
FNF:9
FNH:0
FNDA:0,(anonymous_7)
FNDA:0,(anonymous_8)
FNDA:0,(anonymous_10)
FNDA:0,(anonymous_11)
FNDA:0,(anonymous_12)
FNDA:0,(anonymous_14)
FNDA:0,(anonymous_15)
FNDA:0,(anonymous_16)
FNDA:0,(anonymous_17)
DA:1,2
DA:3,2
DA:4,2
DA:5,2
DA:19,2
DA:20,0
DA:24,0
DA:26,0
DA:27,0
DA:28,0
DA:30,0
DA:37,0
DA:40,0
DA:46,0
DA:47,0
DA:50,0
DA:54,0
DA:60,0
DA:64,0
DA:66,0
DA:67,0
DA:68,0
DA:70,0
DA:75,0
DA:78,0
DA:88,0
DA:92,0
DA:96,0
DA:102,0
DA:103,0
DA:108,0
DA:109,0
DA:112,0
DA:118,0
DA:123,0
LF:35
LH:5
BRDA:27,0,0,0
BRDA:27,1,0,0
BRDA:27,1,1,0
BRDA:46,2,0,0
BRDA:63,3,0,0
BRDA:67,4,0,0
BRDA:67,5,0,0
BRDA:67,5,1,0
BRDA:108,6,0,0
BRF:9
BRH:0
end_of_record
TN:
SF:workspaces/packages/gitversion/src/utils/version-utils.ts
FN:7,determineCurrentVersion
FN:8,(anonymous_1)
FN:11,(anonymous_2)
FN:18,(anonymous_3)
FNF:4
FNH:4
FNDA:9,determineCurrentVersion
FNDA:168,(anonymous_1)
FNDA:101,(anonymous_2)
FNDA:59,(anonymous_3)
DA:1,1
DA:7,1
DA:8,9
DA:9,168
DA:11,101
DA:13,9
DA:14,3
DA:15,6
DA:16,1
DA:18,59
DA:19,5
DA:20,4
DA:22,1
DA:28,8
DA:29,7
DA:31,1
DA:38,8
DA:40,8
DA:41,8
DA:42,8
LF:20
LH:20
BRDA:13,0,0,3
BRDA:13,0,1,6
BRDA:15,1,0,1
BRDA:15,1,1,5
BRDA:19,2,0,4
BRDA:19,2,1,1
BRDA:28,3,0,7
BRDA:28,3,1,1
BRF:8
BRH:8
end_of_record
