TN:
SF:workspaces/packages/gitversion/src/config.ts
FN:11,(anonymous_7)
FN:24,(anonymous_8)
FN:26,(anonymous_9)
FN:34,(anonymous_10)
FN:50,(anonymous_11)
FN:72,(anonymous_12)
FNF:6
FNH:4
FNDA:3,(anonymous_7)
FNDA:0,(anonymous_8)
FNDA:9,(anonymous_9)
FNDA:11,(anonymous_10)
FNDA:8,(anonymous_11)
FNDA:0,(anonymous_12)
DA:1,3
DA:11,3
DA:12,3
DA:13,3
DA:14,3
DA:15,3
DA:23,3
DA:24,0
DA:27,9
DA:28,1
DA:34,11
DA:35,8
DA:36,10
DA:37,3
DA:39,3
DA:40,3
DA:45,0
DA:50,8
DA:51,5
DA:52,7
DA:53,3
DA:55,3
DA:56,3
DA:61,0
DA:66,2
DA:73,0
DA:85,0
DA:86,0
DA:88,0
LF:29
LH:22
BRDA:11,0,0,3
BRDA:11,0,1,3
BRDA:27,1,0,1
BRDA:36,2,0,3
BRDA:39,3,0,3
BRDA:39,3,1,0
BRDA:39,4,0,3
BRDA:39,4,1,3
BRDA:52,5,0,3
BRDA:55,6,0,3
BRDA:55,6,1,0
BRDA:55,7,0,3
BRDA:55,7,1,3
BRF:13
BRH:11
end_of_record
TN:
SF:workspaces/packages/gitversion/src/test/version-branch.ts
FN:4,(anonymous_0)
FN:11,(anonymous_1)
FN:18,(anonymous_2)
FN:25,(anonymous_3)
FNF:4
FNH:4
FNDA:12,(anonymous_0)
FNDA:1,(anonymous_1)
FNDA:6,(anonymous_2)
FNDA:7,(anonymous_3)
DA:1,2
DA:3,2
DA:5,12
DA:12,1
DA:19,6
DA:26,7
LF:6
LH:6
BRF:0
BRH:0
end_of_record
TN:
SF:workspaces/packages/gitversion/src/utils/bump-utils.ts
FN:7,(anonymous_0)
FN:25,executeBump
FN:54,detectBumpType
FNF:3
FNH:3
FNDA:1,(anonymous_0)
FNDA:17,executeBump
FNDA:2,detectBumpType
DA:1,1
DA:3,1
DA:7,1
DA:8,1
DA:9,1
DA:10,1
DA:11,1
DA:12,1
DA:15,1
DA:25,1
DA:26,17
DA:27,1
DA:30,16
DA:31,4
DA:34,12
DA:35,12
DA:37,12
DA:38,4
DA:39,1
DA:40,1
DA:41,2
DA:44,8
DA:45,2
DA:46,2
DA:47,2
DA:48,2
DA:54,1
DA:55,2
DA:56,2
DA:57,5
DA:58,1
DA:61,4
DA:62,4
DA:63,1
DA:66,1
LF:35
LH:35
BRDA:7,0,0,1
BRDA:7,0,1,1
BRDA:26,1,0,1
BRDA:30,2,0,4
BRDA:34,3,0,8
BRDA:34,3,1,4
BRDA:35,4,0,8
BRDA:35,4,1,4
BRDA:37,5,0,4
BRDA:37,5,1,8
BRDA:38,6,0,1
BRDA:38,6,1,1
BRDA:38,6,2,2
BRDA:44,7,0,2
BRDA:44,7,1,2
BRDA:44,7,2,2
BRDA:44,7,3,2
BRDA:57,8,0,1
BRDA:62,9,0,1
BRDA:62,10,0,4
BRDA:62,10,1,2
BRF:21
BRH:21
end_of_record
TN:
SF:workspaces/packages/gitversion/src/utils/conventional-commmit-utils.ts
FN:3,(anonymous_0)
FN:26,parseConventionalCommit
FN:89,isFooterStart
FNF:3
FNH:3
FNDA:1,(anonymous_0)
FNDA:17,parseConventionalCommit
FNDA:31,isFooterStart
DA:3,1
DA:4,1
DA:5,1
DA:24,1
DA:26,1
DA:27,17
DA:28,17
DA:30,17
DA:31,17
DA:33,17
DA:34,5
DA:37,12
DA:46,12
DA:47,12
DA:48,12
DA:50,12
DA:51,31
DA:52,9
DA:53,7
DA:55,2
DA:57,9
DA:58,9
DA:60,31
DA:63,12
DA:64,5
DA:66,7
DA:69,12
DA:70,9
DA:71,2
DA:72,2
DA:74,7
DA:75,7
DA:76,7
DA:77,7
DA:86,12
DA:89,1
DA:90,31
DA:91,31
LF:38
LH:38
BRDA:3,0,0,1
BRDA:3,0,1,1
BRDA:33,1,0,5
BRDA:39,2,0,2
BRDA:39,2,1,10
BRDA:39,3,0,12
BRDA:39,3,1,12
BRDA:51,4,0,9
BRDA:52,5,0,7
BRDA:52,5,1,2
BRDA:63,6,0,5
BRDA:63,6,1,7
BRDA:70,7,0,2
BRDA:70,7,1,7
BRDA:76,8,0,7
BRDA:78,9,0,3
BRDA:78,9,1,4
BRF:17
BRH:17
end_of_record
TN:
SF:workspaces/packages/gitversion/src/utils/git-platform.ts
FN:8,(anonymous_0)
FN:14,(anonymous_1)
FNF:2
FNH:0
FNDA:0,(anonymous_0)
FNDA:0,(anonymous_1)
DA:7,3
DA:9,0
DA:13,3
DA:15,0
DA:16,0
DA:17,0
DA:18,0
DA:19,0
DA:25,0
LF:9
LH:2
BRDA:15,0,0,0
BRDA:15,0,1,0
BRF:2
BRH:0
end_of_record
TN:
SF:workspaces/packages/gitversion/src/utils/git-utils.ts
FN:1,tagPrefix
FNF:1
FNH:1
FNDA:4,tagPrefix
DA:1,1
DA:2,4
DA:3,3
DA:5,1
LF:4
LH:4
BRDA:1,0,0,0
BRDA:2,1,0,3
BRF:2
BRH:1
end_of_record
TN:
SF:workspaces/packages/gitversion/src/utils/git.ts
FN:21,gitExec
FN:31,gitRoot
FN:36,(anonymous_11)
FN:39,(anonymous_12)
FN:42,(anonymous_14)
FN:72,(anonymous_15)
FN:75,(anonymous_16)
FN:78,(anonymous_18)
FN:106,(anonymous_19)
FN:107,(anonymous_20)
FN:110,(anonymous_21)
FN:128,(anonymous_23)
FNF:12
FNH:0
FNDA:0,gitExec
FNDA:0,gitRoot
FNDA:0,(anonymous_11)
FNDA:0,(anonymous_12)
FNDA:0,(anonymous_14)
FNDA:0,(anonymous_15)
FNDA:0,(anonymous_16)
FNDA:0,(anonymous_18)
FNDA:0,(anonymous_19)
FNDA:0,(anonymous_20)
FNDA:0,(anonymous_21)
FNDA:0,(anonymous_23)
DA:1,3
DA:3,3
DA:5,3
DA:6,3
DA:7,3
DA:21,3
DA:22,0
DA:25,0
DA:31,3
DA:32,0
DA:35,3
DA:36,0
DA:40,0
DA:42,0
DA:43,0
DA:44,0
DA:46,0
DA:53,0
DA:56,0
DA:62,0
DA:63,0
DA:66,0
DA:68,0
DA:72,0
DA:76,0
DA:78,0
DA:79,0
DA:80,0
DA:82,0
DA:87,0
DA:90,0
DA:100,0
DA:102,0
DA:106,0
DA:107,0
DA:112,0
DA:113,0
DA:116,0
DA:122,0
DA:125,0
DA:129,0
DA:130,0
DA:132,0
DA:133,0
DA:134,0
DA:136,0
LF:46
LH:8
BRDA:43,0,0,0
BRDA:43,1,0,0
BRDA:43,1,1,0
BRDA:62,2,0,0
BRDA:75,3,0,0
BRDA:79,4,0,0
BRDA:79,5,0,0
BRDA:79,5,1,0
BRDA:112,6,0,0
BRDA:133,7,0,0
BRF:10
BRH:0
end_of_record
TN:
SF:workspaces/packages/gitversion/src/utils/version-utils.ts
FN:12,determineCurrentVersion
FN:13,(anonymous_1)
FN:16,(anonymous_2)
FN:23,(anonymous_3)
FNF:4
FNH:4
FNDA:9,determineCurrentVersion
FNDA:168,(anonymous_1)
FNDA:101,(anonymous_2)
FNDA:59,(anonymous_3)
DA:1,1
DA:3,1
DA:12,1
DA:13,9
DA:14,168
DA:16,101
DA:18,9
DA:19,3
DA:20,6
DA:21,1
DA:23,59
DA:24,5
DA:25,4
DA:27,1
DA:33,8
DA:34,7
DA:36,1
DA:41,8
DA:42,8
DA:43,8
DA:44,8
DA:49,0
LF:22
LH:21
BRDA:18,0,0,3
BRDA:18,0,1,6
BRDA:20,1,0,1
BRDA:20,1,1,5
BRDA:24,2,0,4
BRDA:24,2,1,1
BRDA:33,3,0,7
BRDA:33,3,1,1
BRDA:43,4,0,8
BRF:9
BRH:9
end_of_record
